Beginning ControlPanel Application. (Press CTRL+C to end application)
   0.722 ****** ERROR NETWORK external          common/os/posix/Socket.cc:345 | Binding (sockfd = 51) to 0.0.0.0 9955: 98 - Address already in use: ER_OS_ERROR
   0.726 TRACE    ControlPanel external         ...ControlPanelService.cc:177 | Initializing Controller
   0.726 DEBUG    ControlPanel external         ...ControlPanelService.cc:223 | Initialized Controller successfully
Finished setup. Waiting for Contollees


*********************************************************************************
version  1
port  900
busName  :1_uPL1Ia.2
ObjectDescriptions
key=/About value=org.alljoyn.About
key=/ControlPanel/MyDevice/rootContainer value=org.alljoyn.ControlPanel.ControlPanel
key=/emergency value=org.alljoyn.Notification
key=/info value=org.alljoyn.Notification
key=/warning value=org.alljoyn.Notification
Announcedata
Key name=AppId value:81952732FC584780B86130B0ABA8FDFC
Key name=AppName value=testappName
Key name=DefaultLanguage value=en
Key name=DeviceId value=bf9ee793719644889f787ba8c6e64a14
Key name=DeviceName value=testDeviceName
Key name=Manufacturer value=Company
Key name=ModelNumber value=Wxfy388i
*********************************************************************************

Calling AnnounceHandler Callback
  11.972 DEBUG    ControlPanel lepDisp          .../ControlPanelDevice.cc:184 | ObjectPath contains ControlPanel
  11.972 DEBUG    ControlPanel lepDisp          .../ControlPanelDevice.cc:251 | Creating new unit MyDevice
  11.972 DEBUG    ControlPanel lepDisp          ...ntrolPanelController.cc:62 | Adding ControlPanelUnit for objectPath: /ControlPanel/MyDevice/rootContainer
  11.972 DEBUG    ControlPanel lepDisp          ...ntrolPanelController.cc:68 | Calling startSession for device :1_uPL1Ia.2
  12.060 DEBUG    ControlPanel lepDisp          ...lPanelSessionHandler.cc:61 | Joining session succeeded. SessionId: 4096676362
  12.060 DEBUG    ControlPanel lepDisp          ...ontrolPanelBusObject.cc:53 | Created ControlPanelBusObject successfully
  12.084 DEBUG    ControlPanel lepDisp          ...ntrolPanelBusObject.cc:154 | ObjectPath is: /ControlPanel/MyDevice/rootContainer/en
  12.095 DEBUG    ControlPanel lepDisp          ...ntrolPanelBusObject.cc:172 | InterfaceName is : org.alljoyn.ControlPanel.Container
  12.095 DEBUG    ControlPanel lepDisp          ...ntrolPanelBusObject.cc:172 | InterfaceName is : org.allseen.Introspectable
  12.095 DEBUG    ControlPanel lepDisp          ...ntrolPanelBusObject.cc:180 | Ignoring interface - not a container interface
  12.095 DEBUG    ControlPanel lepDisp          ...ntrolPanelBusObject.cc:172 | InterfaceName is : org.freedesktop.DBus.Introspectable
  12.095 DEBUG    ControlPanel lepDisp          ...ntrolPanelBusObject.cc:180 | Ignoring interface - not a container interface
  12.095 DEBUG    ControlPanel lepDisp          ...ntrolPanelBusObject.cc:172 | InterfaceName is : org.freedesktop.DBus.Peer
  12.095 DEBUG    ControlPanel lepDisp          ...ntrolPanelBusObject.cc:180 | Ignoring interface - not a container interface
  12.096 DEBUG    ControlPanel lepDisp          ...ntrolPanelBusObject.cc:172 | InterfaceName is : org.freedesktop.DBus.Properties
  12.096 DEBUG    ControlPanel lepDisp          ...ntrolPanelBusObject.cc:180 | Ignoring interface - not a container interface
  12.096 DEBUG    ControlPanel lepDisp          ...ntrolPanelBusObject.cc:154 | ObjectPath is: /ControlPanel/MyDevice/rootContainer/de_AT
  12.107 DEBUG    ControlPanel lepDisp          ...ntrolPanelBusObject.cc:172 | InterfaceName is : org.alljoyn.ControlPanel.Container
  12.107 DEBUG    ControlPanel lepDisp          ...ntrolPanelBusObject.cc:172 | InterfaceName is : org.allseen.Introspectable
  12.107 DEBUG    ControlPanel lepDisp          ...ntrolPanelBusObject.cc:180 | Ignoring interface - not a container interface
  12.107 DEBUG    ControlPanel lepDisp          ...ntrolPanelBusObject.cc:172 | InterfaceName is : org.freedesktop.DBus.Introspectable
  12.107 DEBUG    ControlPanel lepDisp          ...ntrolPanelBusObject.cc:180 | Ignoring interface - not a container interface
  12.108 DEBUG    ControlPanel lepDisp          ...ntrolPanelBusObject.cc:172 | InterfaceName is : org.freedesktop.DBus.Peer
  12.108 DEBUG    ControlPanel lepDisp          ...ntrolPanelBusObject.cc:180 | Ignoring interface - not a container interface
  12.108 DEBUG    ControlPanel lepDisp          ...ntrolPanelBusObject.cc:172 | InterfaceName is : org.freedesktop.DBus.Properties
  12.108 DEBUG    ControlPanel lepDisp          ...ntrolPanelBusObject.cc:180 | Ignoring interface - not a container interface
  12.108 DEBUG    ControlPanel lepDisp          ...ntrolPanelBusObject.cc:154 | ObjectPath is: /ControlPanel/MyDevice/rootContainer/zh_Hans_CN
  12.119 DEBUG    ControlPanel lepDisp          ...ntrolPanelBusObject.cc:172 | InterfaceName is : org.alljoyn.ControlPanel.Container
  12.119 DEBUG    ControlPanel lepDisp          ...ntrolPanelBusObject.cc:172 | InterfaceName is : org.allseen.Introspectable
  12.119 DEBUG    ControlPanel lepDisp          ...ntrolPanelBusObject.cc:180 | Ignoring interface - not a container interface
  12.119 DEBUG    ControlPanel lepDisp          ...ntrolPanelBusObject.cc:172 | InterfaceName is : org.freedesktop.DBus.Introspectable
  12.119 DEBUG    ControlPanel lepDisp          ...ntrolPanelBusObject.cc:180 | Ignoring interface - not a container interface
  12.119 DEBUG    ControlPanel lepDisp          ...ntrolPanelBusObject.cc:172 | InterfaceName is : org.freedesktop.DBus.Peer
  12.119 DEBUG    ControlPanel lepDisp          ...ntrolPanelBusObject.cc:180 | Ignoring interface - not a container interface
  12.119 DEBUG    ControlPanel lepDisp          ...ntrolPanelBusObject.cc:172 | InterfaceName is : org.freedesktop.DBus.Properties
  12.119 DEBUG    ControlPanel lepDisp          ...ntrolPanelBusObject.cc:180 | Ignoring interface - not a container interface
Session has been established with device: :1_uPL1Ia.2
Now parsing unit: MyDevice
Now parsing panelName: rootContainer
Now parsing language: en
  12.120 DEBUG    ControlPanel lepDisp          ...s/ContainerBusObject.cc:62 | Created ContainerBusObject successfully
  12.150 DEBUG    ControlPanel lepDisp          ...s/ContainerBusObject.cc:93 | ObjectPath is: /ControlPanel/MyDevice/rootContainer/en/lightAction
  12.161 DEBUG    ControlPanel lepDisp          .../ContainerBusObject.cc:111 | InterfaceName is : org.alljoyn.ControlPanel.Action
  12.161 DEBUG    ControlPanel lepDisp          .../ContainerBusObject.cc:111 | InterfaceName is : org.allseen.Introspectable
  12.161 DEBUG    ControlPanel lepDisp          .../ContainerBusObject.cc:144 | Ignoring interfaceName: org.allseen.Introspectable
  12.161 DEBUG    ControlPanel lepDisp          .../ContainerBusObject.cc:111 | InterfaceName is : org.freedesktop.DBus.Introspectable
  12.161 DEBUG    ControlPanel lepDisp          .../ContainerBusObject.cc:144 | Ignoring interfaceName: org.freedesktop.DBus.Introspectable
  12.161 DEBUG    ControlPanel lepDisp          .../ContainerBusObject.cc:111 | InterfaceName is : org.freedesktop.DBus.Peer
  12.161 DEBUG    ControlPanel lepDisp          .../ContainerBusObject.cc:144 | Ignoring interfaceName: org.freedesktop.DBus.Peer
  12.161 DEBUG    ControlPanel lepDisp          .../ContainerBusObject.cc:111 | InterfaceName is : org.freedesktop.DBus.Properties
  12.161 DEBUG    ControlPanel lepDisp          .../ContainerBusObject.cc:144 | Ignoring interfaceName: org.freedesktop.DBus.Properties
  12.161 DEBUG    ControlPanel lepDisp          ...s/ContainerBusObject.cc:93 | ObjectPath is: /ControlPanel/MyDevice/rootContainer/en/nextRedLightAction
  12.172 DEBUG    ControlPanel lepDisp          .../ContainerBusObject.cc:111 | InterfaceName is : org.alljoyn.ControlPanel.Action
  12.172 DEBUG    ControlPanel lepDisp          .../ContainerBusObject.cc:111 | InterfaceName is : org.allseen.Introspectable
  12.172 DEBUG    ControlPanel lepDisp          .../ContainerBusObject.cc:144 | Ignoring interfaceName: org.allseen.Introspectable
  12.172 DEBUG    ControlPanel lepDisp          .../ContainerBusObject.cc:111 | InterfaceName is : org.freedesktop.DBus.Introspectable
  12.173 DEBUG    ControlPanel lepDisp          .../ContainerBusObject.cc:144 | Ignoring interfaceName: org.freedesktop.DBus.Introspectable
  12.173 DEBUG    ControlPanel lepDisp          .../ContainerBusObject.cc:111 | InterfaceName is : org.freedesktop.DBus.Peer
  12.173 DEBUG    ControlPanel lepDisp          .../ContainerBusObject.cc:144 | Ignoring interfaceName: org.freedesktop.DBus.Peer
  12.173 DEBUG    ControlPanel lepDisp          .../ContainerBusObject.cc:111 | InterfaceName is : org.freedesktop.DBus.Properties
  12.173 DEBUG    ControlPanel lepDisp          .../ContainerBusObject.cc:144 | Ignoring interfaceName: org.freedesktop.DBus.Properties
  12.173 DEBUG    ControlPanel lepDisp          ...s/ContainerBusObject.cc:93 | ObjectPath is: /ControlPanel/MyDevice/rootContainer/en/yellowLightAction
  12.184 DEBUG    ControlPanel lepDisp          .../ContainerBusObject.cc:111 | InterfaceName is : org.alljoyn.ControlPanel.Action
  12.184 DEBUG    ControlPanel lepDisp          .../ContainerBusObject.cc:111 | InterfaceName is : org.allseen.Introspectable
  12.184 DEBUG    ControlPanel lepDisp          .../ContainerBusObject.cc:144 | Ignoring interfaceName: org.allseen.Introspectable
  12.184 DEBUG    ControlPanel lepDisp          .../ContainerBusObject.cc:111 | InterfaceName is : org.freedesktop.DBus.Introspectable
  12.184 DEBUG    ControlPanel lepDisp          .../ContainerBusObject.cc:144 | Ignoring interfaceName: org.freedesktop.DBus.Introspectable
  12.184 DEBUG    ControlPanel lepDisp          .../ContainerBusObject.cc:111 | InterfaceName is : org.freedesktop.DBus.Peer
  12.184 DEBUG    ControlPanel lepDisp          .../ContainerBusObject.cc:144 | Ignoring interfaceName: org.freedesktop.DBus.Peer
  12.184 DEBUG    ControlPanel lepDisp          .../ContainerBusObject.cc:111 | InterfaceName is : org.freedesktop.DBus.Properties
  12.184 DEBUG    ControlPanel lepDisp          .../ContainerBusObject.cc:144 | Ignoring interfaceName: org.freedesktop.DBus.Properties
  12.184 DEBUG    ControlPanel lepDisp          ...s/ContainerBusObject.cc:93 | ObjectPath is: /ControlPanel/MyDevice/rootContainer/en/nextYellowLightAction
  12.194 DEBUG    ControlPanel lepDisp          .../ContainerBusObject.cc:111 | InterfaceName is : org.alljoyn.ControlPanel.Action
  12.194 DEBUG    ControlPanel lepDisp          .../ContainerBusObject.cc:111 | InterfaceName is : org.allseen.Introspectable
  12.194 DEBUG    ControlPanel lepDisp          .../ContainerBusObject.cc:144 | Ignoring interfaceName: org.allseen.Introspectable
  12.195 DEBUG    ControlPanel lepDisp          .../ContainerBusObject.cc:111 | InterfaceName is : org.freedesktop.DBus.Introspectable
  12.195 DEBUG    ControlPanel lepDisp          .../ContainerBusObject.cc:144 | Ignoring interfaceName: org.freedesktop.DBus.Introspectable
  12.195 DEBUG    ControlPanel lepDisp          .../ContainerBusObject.cc:111 | InterfaceName is : org.freedesktop.DBus.Peer
  12.195 DEBUG    ControlPanel lepDisp          .../ContainerBusObject.cc:144 | Ignoring interfaceName: org.freedesktop.DBus.Peer
  12.195 DEBUG    ControlPanel lepDisp          .../ContainerBusObject.cc:111 | InterfaceName is : org.freedesktop.DBus.Properties
  12.195 DEBUG    ControlPanel lepDisp          .../ContainerBusObject.cc:144 | Ignoring interfaceName: org.freedesktop.DBus.Properties
  12.195 DEBUG    ControlPanel lepDisp          ...s/ContainerBusObject.cc:93 | ObjectPath is: /ControlPanel/MyDevice/rootContainer/en/greenlightAction
  12.226 DEBUG    ControlPanel lepDisp          .../ContainerBusObject.cc:111 | InterfaceName is : org.alljoyn.ControlPanel.Action
  12.226 DEBUG    ControlPanel lepDisp          .../ContainerBusObject.cc:111 | InterfaceName is : org.allseen.Introspectable
  12.226 DEBUG    ControlPanel lepDisp          .../ContainerBusObject.cc:144 | Ignoring interfaceName: org.allseen.Introspectable
  12.226 DEBUG    ControlPanel lepDisp          .../ContainerBusObject.cc:111 | InterfaceName is : org.freedesktop.DBus.Introspectable
  12.226 DEBUG    ControlPanel lepDisp          .../ContainerBusObject.cc:144 | Ignoring interfaceName: org.freedesktop.DBus.Introspectable
  12.226 DEBUG    ControlPanel lepDisp          .../ContainerBusObject.cc:111 | InterfaceName is : org.freedesktop.DBus.Peer
  12.226 DEBUG    ControlPanel lepDisp          .../ContainerBusObject.cc:144 | Ignoring interfaceName: org.freedesktop.DBus.Peer
  12.227 DEBUG    ControlPanel lepDisp          .../ContainerBusObject.cc:111 | InterfaceName is : org.freedesktop.DBus.Properties
  12.227 DEBUG    ControlPanel lepDisp          .../ContainerBusObject.cc:144 | Ignoring interfaceName: org.freedesktop.DBus.Properties
  12.227 DEBUG    ControlPanel lepDisp          ...s/ContainerBusObject.cc:93 | ObjectPath is: /ControlPanel/MyDevice/rootContainer/en/nextGreenLightAction
  12.239 DEBUG    ControlPanel lepDisp          .../ContainerBusObject.cc:111 | InterfaceName is : org.alljoyn.ControlPanel.Action
  12.239 DEBUG    ControlPanel lepDisp          .../ContainerBusObject.cc:111 | InterfaceName is : org.allseen.Introspectable
  12.239 DEBUG    ControlPanel lepDisp          .../ContainerBusObject.cc:144 | Ignoring interfaceName: org.allseen.Introspectable
  12.239 DEBUG    ControlPanel lepDisp          .../ContainerBusObject.cc:111 | InterfaceName is : org.freedesktop.DBus.Introspectable
  12.239 DEBUG    ControlPanel lepDisp          .../ContainerBusObject.cc:144 | Ignoring interfaceName: org.freedesktop.DBus.Introspectable
  12.239 DEBUG    ControlPanel lepDisp          .../ContainerBusObject.cc:111 | InterfaceName is : org.freedesktop.DBus.Peer
  12.239 DEBUG    ControlPanel lepDisp          .../ContainerBusObject.cc:144 | Ignoring interfaceName: org.freedesktop.DBus.Peer
  12.239 DEBUG    ControlPanel lepDisp          .../ContainerBusObject.cc:111 | InterfaceName is : org.freedesktop.DBus.Properties
  12.239 DEBUG    ControlPanel lepDisp          .../ContainerBusObject.cc:144 | Ignoring interfaceName: org.freedesktop.DBus.Properties
  12.240 DEBUG    ControlPanel lepDisp          ...ects/ActionBusObject.cc:73 | Created ActionBusObject successfully
  12.339 DEBUG    ControlPanel lepDisp          ...cts/ActionBusObject.cc:146 | ObjectPath is: /ControlPanel/MyDevice/rootContainer/en/lightAction/RedLightConfirm
  12.357 DEBUG    ControlPanel lepDisp          ...cts/ActionBusObject.cc:164 | InterfaceName is org.alljoyn.ControlPanel.Dialog
  12.357 DEBUG    ControlPanel lepDisp          ...cts/ActionBusObject.cc:164 | InterfaceName is org.allseen.Introspectable
  12.357 DEBUG    ControlPanel lepDisp          ...cts/ActionBusObject.cc:172 | Ignoring interfaceName:  org.allseen.Introspectable
  12.357 DEBUG    ControlPanel lepDisp          ...cts/ActionBusObject.cc:164 | InterfaceName is org.freedesktop.DBus.Introspectable
  12.357 DEBUG    ControlPanel lepDisp          ...cts/ActionBusObject.cc:172 | Ignoring interfaceName:  org.freedesktop.DBus.Introspectable
  12.357 DEBUG    ControlPanel lepDisp          ...cts/ActionBusObject.cc:164 | InterfaceName is org.freedesktop.DBus.Peer
  12.357 DEBUG    ControlPanel lepDisp          ...cts/ActionBusObject.cc:172 | Ignoring interfaceName:  org.freedesktop.DBus.Peer
  12.357 DEBUG    ControlPanel lepDisp          ...cts/ActionBusObject.cc:164 | InterfaceName is org.freedesktop.DBus.Properties
  12.357 DEBUG    ControlPanel lepDisp          ...cts/ActionBusObject.cc:172 | Ignoring interfaceName:  org.freedesktop.DBus.Properties
  12.357 DEBUG    ControlPanel lepDisp          ...ets/ActionWithDialog.cc:64 | Adding childDialog named: RedLightConfirm
  12.357 DEBUG    ControlPanel lepDisp          ...ects/DialogBusObject.cc:92 | Created DialogBusObject successfully
  12.390 DEBUG    ControlPanel lepDisp          ...c/Widgets/Container.cc:184 | Adding childWidget named: lightAction
  12.391 DEBUG    ControlPanel lepDisp          ...ects/ActionBusObject.cc:73 | Created ActionBusObject successfully
  12.422 DEBUG    ControlPanel lepDisp          ...cts/ActionBusObject.cc:146 | ObjectPath is: /ControlPanel/MyDevice/rootContainer/en/nextRedLightAction/NextRedLightConfirm
  12.431 DEBUG    ControlPanel lepDisp          ...cts/ActionBusObject.cc:164 | InterfaceName is org.alljoyn.ControlPanel.Dialog
  12.432 DEBUG    ControlPanel lepDisp          ...cts/ActionBusObject.cc:164 | InterfaceName is org.allseen.Introspectable
  12.432 DEBUG    ControlPanel lepDisp          ...cts/ActionBusObject.cc:172 | Ignoring interfaceName:  org.allseen.Introspectable
  12.432 DEBUG    ControlPanel lepDisp          ...cts/ActionBusObject.cc:164 | InterfaceName is org.freedesktop.DBus.Introspectable
  12.432 DEBUG    ControlPanel lepDisp          ...cts/ActionBusObject.cc:172 | Ignoring interfaceName:  org.freedesktop.DBus.Introspectable
  12.432 DEBUG    ControlPanel lepDisp          ...cts/ActionBusObject.cc:164 | InterfaceName is org.freedesktop.DBus.Peer
  12.432 DEBUG    ControlPanel lepDisp          ...cts/ActionBusObject.cc:172 | Ignoring interfaceName:  org.freedesktop.DBus.Peer
  12.432 DEBUG    ControlPanel lepDisp          ...cts/ActionBusObject.cc:164 | InterfaceName is org.freedesktop.DBus.Properties
  12.432 DEBUG    ControlPanel lepDisp          ...cts/ActionBusObject.cc:172 | Ignoring interfaceName:  org.freedesktop.DBus.Properties
  12.432 DEBUG    ControlPanel lepDisp          ...ets/ActionWithDialog.cc:64 | Adding childDialog named: NextRedLightConfirm
  12.432 DEBUG    ControlPanel lepDisp          ...ects/DialogBusObject.cc:92 | Created DialogBusObject successfully
  12.457 DEBUG    ControlPanel lepDisp          ...c/Widgets/Container.cc:184 | Adding childWidget named: nextRedLightAction
  12.457 DEBUG    ControlPanel lepDisp          ...ects/ActionBusObject.cc:73 | Created ActionBusObject successfully
  12.486 DEBUG    ControlPanel lepDisp          ...cts/ActionBusObject.cc:146 | ObjectPath is: /ControlPanel/MyDevice/rootContainer/en/yellowLightAction/YellowLightConfirm
  12.496 DEBUG    ControlPanel lepDisp          ...cts/ActionBusObject.cc:164 | InterfaceName is org.alljoyn.ControlPanel.Dialog
  12.496 DEBUG    ControlPanel lepDisp          ...cts/ActionBusObject.cc:164 | InterfaceName is org.allseen.Introspectable
  12.496 DEBUG    ControlPanel lepDisp          ...cts/ActionBusObject.cc:172 | Ignoring interfaceName:  org.allseen.Introspectable
  12.496 DEBUG    ControlPanel lepDisp          ...cts/ActionBusObject.cc:164 | InterfaceName is org.freedesktop.DBus.Introspectable
  12.496 DEBUG    ControlPanel lepDisp          ...cts/ActionBusObject.cc:172 | Ignoring interfaceName:  org.freedesktop.DBus.Introspectable
  12.496 DEBUG    ControlPanel lepDisp          ...cts/ActionBusObject.cc:164 | InterfaceName is org.freedesktop.DBus.Peer
  12.497 DEBUG    ControlPanel lepDisp          ...cts/ActionBusObject.cc:172 | Ignoring interfaceName:  org.freedesktop.DBus.Peer
  12.497 DEBUG    ControlPanel lepDisp          ...cts/ActionBusObject.cc:164 | InterfaceName is org.freedesktop.DBus.Properties
  12.497 DEBUG    ControlPanel lepDisp          ...cts/ActionBusObject.cc:172 | Ignoring interfaceName:  org.freedesktop.DBus.Properties
  12.497 DEBUG    ControlPanel lepDisp          ...ets/ActionWithDialog.cc:64 | Adding childDialog named: YellowLightConfirm
  12.497 DEBUG    ControlPanel lepDisp          ...ects/DialogBusObject.cc:92 | Created DialogBusObject successfully
  12.526 DEBUG    ControlPanel lepDisp          ...c/Widgets/Container.cc:184 | Adding childWidget named: yellowLightAction
  12.527 DEBUG    ControlPanel lepDisp          ...ects/ActionBusObject.cc:73 | Created ActionBusObject successfully
  12.558 DEBUG    ControlPanel lepDisp          ...cts/ActionBusObject.cc:146 | ObjectPath is: /ControlPanel/MyDevice/rootContainer/en/nextYellowLightAction/NextYellowLightConfirm
  12.595 DEBUG    ControlPanel lepDisp          ...cts/ActionBusObject.cc:164 | InterfaceName is org.alljoyn.ControlPanel.Dialog
  12.595 DEBUG    ControlPanel lepDisp          ...cts/ActionBusObject.cc:164 | InterfaceName is org.allseen.Introspectable
  12.595 DEBUG    ControlPanel lepDisp          ...cts/ActionBusObject.cc:172 | Ignoring interfaceName:  org.allseen.Introspectable
  12.595 DEBUG    ControlPanel lepDisp          ...cts/ActionBusObject.cc:164 | InterfaceName is org.freedesktop.DBus.Introspectable
  12.595 DEBUG    ControlPanel lepDisp          ...cts/ActionBusObject.cc:172 | Ignoring interfaceName:  org.freedesktop.DBus.Introspectable
  12.595 DEBUG    ControlPanel lepDisp          ...cts/ActionBusObject.cc:164 | InterfaceName is org.freedesktop.DBus.Peer
  12.595 DEBUG    ControlPanel lepDisp          ...cts/ActionBusObject.cc:172 | Ignoring interfaceName:  org.freedesktop.DBus.Peer
  12.595 DEBUG    ControlPanel lepDisp          ...cts/ActionBusObject.cc:164 | InterfaceName is org.freedesktop.DBus.Properties
  12.595 DEBUG    ControlPanel lepDisp          ...cts/ActionBusObject.cc:172 | Ignoring interfaceName:  org.freedesktop.DBus.Properties
  12.595 DEBUG    ControlPanel lepDisp          ...ets/ActionWithDialog.cc:64 | Adding childDialog named: NextYellowLightConfirm
  12.595 DEBUG    ControlPanel lepDisp          ...ects/DialogBusObject.cc:92 | Created DialogBusObject successfully
  12.633 DEBUG    ControlPanel lepDisp          ...c/Widgets/Container.cc:184 | Adding childWidget named: nextYellowLightAction
  12.633 DEBUG    ControlPanel lepDisp          ...ects/ActionBusObject.cc:73 | Created ActionBusObject successfully
  12.675 DEBUG    ControlPanel lepDisp          ...cts/ActionBusObject.cc:146 | ObjectPath is: /ControlPanel/MyDevice/rootContainer/en/greenlightAction/GreenLightConfirm
  12.710 DEBUG    ControlPanel lepDisp          ...cts/ActionBusObject.cc:164 | InterfaceName is org.alljoyn.ControlPanel.Dialog
  12.710 DEBUG    ControlPanel lepDisp          ...cts/ActionBusObject.cc:164 | InterfaceName is org.allseen.Introspectable
  12.710 DEBUG    ControlPanel lepDisp          ...cts/ActionBusObject.cc:172 | Ignoring interfaceName:  org.allseen.Introspectable
  12.710 DEBUG    ControlPanel lepDisp          ...cts/ActionBusObject.cc:164 | InterfaceName is org.freedesktop.DBus.Introspectable
  12.710 DEBUG    ControlPanel lepDisp          ...cts/ActionBusObject.cc:172 | Ignoring interfaceName:  org.freedesktop.DBus.Introspectable
  12.710 DEBUG    ControlPanel lepDisp          ...cts/ActionBusObject.cc:164 | InterfaceName is org.freedesktop.DBus.Peer
  12.710 DEBUG    ControlPanel lepDisp          ...cts/ActionBusObject.cc:172 | Ignoring interfaceName:  org.freedesktop.DBus.Peer
  12.710 DEBUG    ControlPanel lepDisp          ...cts/ActionBusObject.cc:164 | InterfaceName is org.freedesktop.DBus.Properties
  12.710 DEBUG    ControlPanel lepDisp          ...cts/ActionBusObject.cc:172 | Ignoring interfaceName:  org.freedesktop.DBus.Properties
  12.711 DEBUG    ControlPanel lepDisp          ...ets/ActionWithDialog.cc:64 | Adding childDialog named: GreenLightConfirm
  12.711 DEBUG    ControlPanel lepDisp          ...ects/DialogBusObject.cc:92 | Created DialogBusObject successfully
  12.789 DEBUG    ControlPanel lepDisp          ...c/Widgets/Container.cc:184 | Adding childWidget named: greenlightAction
  12.789 DEBUG    ControlPanel lepDisp          ...ects/ActionBusObject.cc:73 | Created ActionBusObject successfully
  12.859 DEBUG    ControlPanel lepDisp          ...cts/ActionBusObject.cc:146 | ObjectPath is: /ControlPanel/MyDevice/rootContainer/en/nextGreenLightAction/NextGreenLightConfirm
  12.869 DEBUG    ControlPanel lepDisp          ...cts/ActionBusObject.cc:164 | InterfaceName is org.alljoyn.ControlPanel.Dialog
  12.869 DEBUG    ControlPanel lepDisp          ...cts/ActionBusObject.cc:164 | InterfaceName is org.allseen.Introspectable
  12.869 DEBUG    ControlPanel lepDisp          ...cts/ActionBusObject.cc:172 | Ignoring interfaceName:  org.allseen.Introspectable
  12.869 DEBUG    ControlPanel lepDisp          ...cts/ActionBusObject.cc:164 | InterfaceName is org.freedesktop.DBus.Introspectable
  12.869 DEBUG    ControlPanel lepDisp          ...cts/ActionBusObject.cc:172 | Ignoring interfaceName:  org.freedesktop.DBus.Introspectable
  12.869 DEBUG    ControlPanel lepDisp          ...cts/ActionBusObject.cc:164 | InterfaceName is org.freedesktop.DBus.Peer
  12.870 DEBUG    ControlPanel lepDisp          ...cts/ActionBusObject.cc:172 | Ignoring interfaceName:  org.freedesktop.DBus.Peer
  12.870 DEBUG    ControlPanel lepDisp          ...cts/ActionBusObject.cc:164 | InterfaceName is org.freedesktop.DBus.Properties
  12.870 DEBUG    ControlPanel lepDisp          ...cts/ActionBusObject.cc:172 | Ignoring interfaceName:  org.freedesktop.DBus.Properties
  12.870 DEBUG    ControlPanel lepDisp          ...ets/ActionWithDialog.cc:64 | Adding childDialog named: NextGreenLightConfirm
  12.870 DEBUG    ControlPanel lepDisp          ...ects/DialogBusObject.cc:92 | Created DialogBusObject successfully
  12.894 DEBUG    ControlPanel lepDisp          ...c/Widgets/Container.cc:184 | Adding childWidget named: nextGreenLightAction
Finished loading widget: rootContainer
Container name: rootContainer
Container version: 1
Container is not secured
Container is enabled
Container label: Berry Clip LEDs Controller
Container bgColor: 512
Something else Widget called
Container hints: VERTICAL_LINEAR, HORIZONTAL_LINEAR
Print ChildWidgets: 
  Action name: lightAction
  Action version: 1
  Action is not secured
  Action is enabled
  Action label: RED LED 1
  Action bgColor: 1024
  Action hints: ACTIONBUTTON
  Printing ChildDialog: 
    Dialog name: RedLightConfirm
    Dialog version: 1
    Dialog is not secured
    Dialog is enabled
    Dialog label: Are you sure?
    Dialog bgColor: 1929
    Dialog hints: ALERTDIALOG
    Dialog message: Change the state of RED LED 1
    Dialog numActions: 2
    Dialog Label for Action1: TURN ON
    Dialog Label for Action2: TURN OFF

  Action name: nextRedLightAction
  Action version: 1
  Action is not secured
  Action is enabled
  Action label: RED LED 2
  Action bgColor: 1024
  Action hints: ACTIONBUTTON
  Printing ChildDialog: 
    Dialog name: NextRedLightConfirm
    Dialog version: 1
    Dialog is not secured
    Dialog is enabled
    Dialog label: Are you sure?
    Dialog bgColor: 1929
    Dialog hints: ALERTDIALOG
    Dialog message: Change the state of RED LED 2 
    Dialog numActions: 2
    Dialog Label for Action1: TURN ON
    Dialog Label for Action2: TURN OFF

  Action name: yellowLightAction
  Action version: 1
  Action is not secured
  Action is enabled
  Action label: YELLOW LED 1
  Action bgColor: 1024
  Action hints: ACTIONBUTTON
  Printing ChildDialog: 
    Dialog name: YellowLightConfirm
    Dialog version: 1
    Dialog is not secured
    Dialog is enabled
    Dialog label: Are you sure?
    Dialog bgColor: 1929
    Dialog hints: ALERTDIALOG
    Dialog message: Change the state of YELLOW LED 1
    Dialog numActions: 2
    Dialog Label for Action1: TURN ON
    Dialog Label for Action2: TURN OFF

  Action name: nextYellowLightAction
  Action version: 1
  Action is not secured
  Action is enabled
  Action label: YELLOW LED 2
  Action bgColor: 1024
  Action hints: ACTIONBUTTON
  Printing ChildDialog: 
    Dialog name: NextYellowLightConfirm
    Dialog version: 1
    Dialog is not secured
    Dialog is enabled
    Dialog label: Are you sure?
    Dialog bgColor: 1929
    Dialog hints: ALERTDIALOG
    Dialog message: Change the state of YELLOW LED 2 
    Dialog numActions: 2
    Dialog Label for Action1: TURN ON
    Dialog Label for Action2: TURN OFF

  Action name: greenlightAction
  Action version: 1
  Action is not secured
  Action is enabled
  Action label: GREEN LED 1
  Action bgColor: 1024
  Action hints: ACTIONBUTTON
  Printing ChildDialog: 
    Dialog name: GreenLightConfirm
    Dialog version: 1
    Dialog is not secured
    Dialog is enabled
    Dialog label: Are you sure?
    Dialog bgColor: 1929
    Dialog hints: ALERTDIALOG
    Dialog message: Change the state of GREEN LED 1
    Dialog numActions: 2
    Dialog Label for Action1: TURN ON
    Dialog Label for Action2: TURN OFF

  Action name: nextGreenLightAction
  Action version: 1
  Action is not secured
  Action is enabled
  Action label: GREEN LED 2
  Action bgColor: 1024
  Action hints: ACTIONBUTTON
  Printing ChildDialog: 
    Dialog name: NextGreenLightConfirm
    Dialog version: 1
    Dialog is not secured
    Dialog is enabled
    Dialog label: Are you sure?
    Dialog bgColor: 1929
    Dialog hints: ALERTDIALOG
    Dialog message: Change the state of GREEN LED 2 
    Dialog numActions: 2
    Dialog Label for Action1: TURN ON
    Dialog Label for Action2: TURN OFF

Going to execute all Actions now

Going to execute all Dialog Actions now
Execute Actions for RedLightConfirm which has 2 actions: 
    Action 1 execution succeeded
    Action 2 execution succeeded
  13.496 HL_DBG   ControlPanel lepDisp          .../src/Widgets/Dialog.cc:352 | Cannot execute Action3 - numActions is less than 3
    Action 3 execution failed
Execute Actions for NextRedLightConfirm which has 2 actions: 
    Action 1 execution succeeded
    Action 2 execution succeeded
  13.553 HL_DBG   ControlPanel lepDisp          .../src/Widgets/Dialog.cc:352 | Cannot execute Action3 - numActions is less than 3
    Action 3 execution failed
Execute Actions for YellowLightConfirm which has 2 actions: 
    Action 1 execution succeeded
    Action 2 execution succeeded
  13.602 HL_DBG   ControlPanel lepDisp          .../src/Widgets/Dialog.cc:352 | Cannot execute Action3 - numActions is less than 3
    Action 3 execution failed
Execute Actions for NextYellowLightConfirm which has 2 actions: 
    Action 1 execution succeeded
    Action 2 execution succeeded
  13.624 HL_DBG   ControlPanel lepDisp          .../src/Widgets/Dialog.cc:352 | Cannot execute Action3 - numActions is less than 3
    Action 3 execution failed
Execute Actions for GreenLightConfirm which has 2 actions: 
    Action 1 execution succeeded
    Action 2 execution succeeded
  13.642 HL_DBG   ControlPanel lepDisp          .../src/Widgets/Dialog.cc:352 | Cannot execute Action3 - numActions is less than 3
    Action 3 execution failed
Execute Actions for NextGreenLightConfirm which has 2 actions: 
    Action 1 execution succeeded
    Action 2 execution succeeded
  13.662 HL_DBG   ControlPanel lepDisp          .../src/Widgets/Dialog.cc:352 | Cannot execute Action3 - numActions is less than 3
    Action 3 execution failed

Going to call setValue for all Properties now

Now parsing language: de-AT
Now parsing language: zh-Hans-CN
Beginning ControlPanel Application. (Press CTRL+C to end application)
   0.926 ****** ERROR NETWORK external          common/os/posix/Socket.cc:345 | Binding (sockfd = 51) to 0.0.0.0 9955: 98 - Address already in use: ER_OS_ERROR
   0.929 TRACE    ControlPanel external         ...ControlPanelService.cc:177 | Initializing Controller
   0.929 DEBUG    ControlPanel external         ...ControlPanelService.cc:223 | Initialized Controller successfully
Finished setup. Waiting for Contollees


*********************************************************************************
version  1
port  900
busName  :1_uPL1Ia.2
ObjectDescriptions
key=/About value=org.alljoyn.About
key=/ControlPanel/MyDevice/rootContainer value=org.alljoyn.ControlPanel.ControlPanel
key=/emergency value=org.alljoyn.Notification
key=/info value=org.alljoyn.Notification
key=/warning value=org.alljoyn.Notification
Announcedata
Key name=AppId value:81952732FC584780B86130B0ABA8FDFC
Key name=AppName value=testappName
Key name=DefaultLanguage value=en
Key name=DeviceId value=bf9ee793719644889f787ba8c6e64a14
Key name=DeviceName value=testDeviceName
Key name=Manufacturer value=Company
Key name=ModelNumber value=Wxfy388i
*********************************************************************************

Calling AnnounceHandler Callback
   1.305 DEBUG    ControlPanel lepDisp          .../ControlPanelDevice.cc:184 | ObjectPath contains ControlPanel
   1.305 DEBUG    ControlPanel lepDisp          .../ControlPanelDevice.cc:251 | Creating new unit MyDevice
   1.305 DEBUG    ControlPanel lepDisp          ...ntrolPanelController.cc:62 | Adding ControlPanelUnit for objectPath: /ControlPanel/MyDevice/rootContainer
   1.305 DEBUG    ControlPanel lepDisp          ...ntrolPanelController.cc:68 | Calling startSession for device :1_uPL1Ia.2
   1.403 DEBUG    ControlPanel lepDisp          ...lPanelSessionHandler.cc:61 | Joining session succeeded. SessionId: 1860387763
   1.403 DEBUG    ControlPanel lepDisp          ...ontrolPanelBusObject.cc:53 | Created ControlPanelBusObject successfully
   1.426 DEBUG    ControlPanel lepDisp          ...ntrolPanelBusObject.cc:154 | ObjectPath is: /ControlPanel/MyDevice/rootContainer/en
   1.436 DEBUG    ControlPanel lepDisp          ...ntrolPanelBusObject.cc:172 | InterfaceName is : org.alljoyn.ControlPanel.Container
   1.436 DEBUG    ControlPanel lepDisp          ...ntrolPanelBusObject.cc:172 | InterfaceName is : org.allseen.Introspectable
   1.436 DEBUG    ControlPanel lepDisp          ...ntrolPanelBusObject.cc:180 | Ignoring interface - not a container interface
   1.436 DEBUG    ControlPanel lepDisp          ...ntrolPanelBusObject.cc:172 | InterfaceName is : org.freedesktop.DBus.Introspectable
   1.436 DEBUG    ControlPanel lepDisp          ...ntrolPanelBusObject.cc:180 | Ignoring interface - not a container interface
   1.436 DEBUG    ControlPanel lepDisp          ...ntrolPanelBusObject.cc:172 | InterfaceName is : org.freedesktop.DBus.Peer
   1.436 DEBUG    ControlPanel lepDisp          ...ntrolPanelBusObject.cc:180 | Ignoring interface - not a container interface
   1.436 DEBUG    ControlPanel lepDisp          ...ntrolPanelBusObject.cc:172 | InterfaceName is : org.freedesktop.DBus.Properties
   1.436 DEBUG    ControlPanel lepDisp          ...ntrolPanelBusObject.cc:180 | Ignoring interface - not a container interface
   1.436 DEBUG    ControlPanel lepDisp          ...ntrolPanelBusObject.cc:154 | ObjectPath is: /ControlPanel/MyDevice/rootContainer/de_AT
   1.447 DEBUG    ControlPanel lepDisp          ...ntrolPanelBusObject.cc:172 | InterfaceName is : org.alljoyn.ControlPanel.Container
   1.447 DEBUG    ControlPanel lepDisp          ...ntrolPanelBusObject.cc:172 | InterfaceName is : org.allseen.Introspectable
   1.447 DEBUG    ControlPanel lepDisp          ...ntrolPanelBusObject.cc:180 | Ignoring interface - not a container interface
   1.447 DEBUG    ControlPanel lepDisp          ...ntrolPanelBusObject.cc:172 | InterfaceName is : org.freedesktop.DBus.Introspectable
   1.447 DEBUG    ControlPanel lepDisp          ...ntrolPanelBusObject.cc:180 | Ignoring interface - not a container interface
   1.447 DEBUG    ControlPanel lepDisp          ...ntrolPanelBusObject.cc:172 | InterfaceName is : org.freedesktop.DBus.Peer
   1.447 DEBUG    ControlPanel lepDisp          ...ntrolPanelBusObject.cc:180 | Ignoring interface - not a container interface
   1.447 DEBUG    ControlPanel lepDisp          ...ntrolPanelBusObject.cc:172 | InterfaceName is : org.freedesktop.DBus.Properties
   1.447 DEBUG    ControlPanel lepDisp          ...ntrolPanelBusObject.cc:180 | Ignoring interface - not a container interface
   1.447 DEBUG    ControlPanel lepDisp          ...ntrolPanelBusObject.cc:154 | ObjectPath is: /ControlPanel/MyDevice/rootContainer/zh_Hans_CN
   1.458 DEBUG    ControlPanel lepDisp          ...ntrolPanelBusObject.cc:172 | InterfaceName is : org.alljoyn.ControlPanel.Container
   1.458 DEBUG    ControlPanel lepDisp          ...ntrolPanelBusObject.cc:172 | InterfaceName is : org.allseen.Introspectable
   1.458 DEBUG    ControlPanel lepDisp          ...ntrolPanelBusObject.cc:180 | Ignoring interface - not a container interface
   1.458 DEBUG    ControlPanel lepDisp          ...ntrolPanelBusObject.cc:172 | InterfaceName is : org.freedesktop.DBus.Introspectable
   1.458 DEBUG    ControlPanel lepDisp          ...ntrolPanelBusObject.cc:180 | Ignoring interface - not a container interface
   1.458 DEBUG    ControlPanel lepDisp          ...ntrolPanelBusObject.cc:172 | InterfaceName is : org.freedesktop.DBus.Peer
   1.458 DEBUG    ControlPanel lepDisp          ...ntrolPanelBusObject.cc:180 | Ignoring interface - not a container interface
   1.458 DEBUG    ControlPanel lepDisp          ...ntrolPanelBusObject.cc:172 | InterfaceName is : org.freedesktop.DBus.Properties
   1.458 DEBUG    ControlPanel lepDisp          ...ntrolPanelBusObject.cc:180 | Ignoring interface - not a container interface
Session has been established with device: :1_uPL1Ia.2
Now parsing unit: MyDevice
Now parsing panelName: rootContainer
Now parsing language: en
   1.458 DEBUG    ControlPanel lepDisp          ...s/ContainerBusObject.cc:62 | Created ContainerBusObject successfully
   1.487 DEBUG    ControlPanel lepDisp          ...s/ContainerBusObject.cc:93 | ObjectPath is: /ControlPanel/MyDevice/rootContainer/en/lightAction
   1.497 DEBUG    ControlPanel lepDisp          .../ContainerBusObject.cc:111 | InterfaceName is : org.alljoyn.ControlPanel.Action
   1.497 DEBUG    ControlPanel lepDisp          .../ContainerBusObject.cc:111 | InterfaceName is : org.allseen.Introspectable
   1.497 DEBUG    ControlPanel lepDisp          .../ContainerBusObject.cc:144 | Ignoring interfaceName: org.allseen.Introspectable
   1.497 DEBUG    ControlPanel lepDisp          .../ContainerBusObject.cc:111 | InterfaceName is : org.freedesktop.DBus.Introspectable
   1.497 DEBUG    ControlPanel lepDisp          .../ContainerBusObject.cc:144 | Ignoring interfaceName: org.freedesktop.DBus.Introspectable
   1.497 DEBUG    ControlPanel lepDisp          .../ContainerBusObject.cc:111 | InterfaceName is : org.freedesktop.DBus.Peer
   1.497 DEBUG    ControlPanel lepDisp          .../ContainerBusObject.cc:144 | Ignoring interfaceName: org.freedesktop.DBus.Peer
   1.497 DEBUG    ControlPanel lepDisp          .../ContainerBusObject.cc:111 | InterfaceName is : org.freedesktop.DBus.Properties
   1.497 DEBUG    ControlPanel lepDisp          .../ContainerBusObject.cc:144 | Ignoring interfaceName: org.freedesktop.DBus.Properties
   1.497 DEBUG    ControlPanel lepDisp          ...s/ContainerBusObject.cc:93 | ObjectPath is: /ControlPanel/MyDevice/rootContainer/en/nextRedLightAction
   1.507 DEBUG    ControlPanel lepDisp          .../ContainerBusObject.cc:111 | InterfaceName is : org.alljoyn.ControlPanel.Action
   1.507 DEBUG    ControlPanel lepDisp          .../ContainerBusObject.cc:111 | InterfaceName is : org.allseen.Introspectable
   1.507 DEBUG    ControlPanel lepDisp          .../ContainerBusObject.cc:144 | Ignoring interfaceName: org.allseen.Introspectable
   1.507 DEBUG    ControlPanel lepDisp          .../ContainerBusObject.cc:111 | InterfaceName is : org.freedesktop.DBus.Introspectable
   1.507 DEBUG    ControlPanel lepDisp          .../ContainerBusObject.cc:144 | Ignoring interfaceName: org.freedesktop.DBus.Introspectable
   1.507 DEBUG    ControlPanel lepDisp          .../ContainerBusObject.cc:111 | InterfaceName is : org.freedesktop.DBus.Peer
   1.507 DEBUG    ControlPanel lepDisp          .../ContainerBusObject.cc:144 | Ignoring interfaceName: org.freedesktop.DBus.Peer
   1.507 DEBUG    ControlPanel lepDisp          .../ContainerBusObject.cc:111 | InterfaceName is : org.freedesktop.DBus.Properties
   1.507 DEBUG    ControlPanel lepDisp          .../ContainerBusObject.cc:144 | Ignoring interfaceName: org.freedesktop.DBus.Properties
   1.507 DEBUG    ControlPanel lepDisp          ...s/ContainerBusObject.cc:93 | ObjectPath is: /ControlPanel/MyDevice/rootContainer/en/yellowLightAction
   1.517 DEBUG    ControlPanel lepDisp          .../ContainerBusObject.cc:111 | InterfaceName is : org.alljoyn.ControlPanel.Action
   1.517 DEBUG    ControlPanel lepDisp          .../ContainerBusObject.cc:111 | InterfaceName is : org.allseen.Introspectable
   1.517 DEBUG    ControlPanel lepDisp          .../ContainerBusObject.cc:144 | Ignoring interfaceName: org.allseen.Introspectable
   1.517 DEBUG    ControlPanel lepDisp          .../ContainerBusObject.cc:111 | InterfaceName is : org.freedesktop.DBus.Introspectable
   1.517 DEBUG    ControlPanel lepDisp          .../ContainerBusObject.cc:144 | Ignoring interfaceName: org.freedesktop.DBus.Introspectable
   1.517 DEBUG    ControlPanel lepDisp          .../ContainerBusObject.cc:111 | InterfaceName is : org.freedesktop.DBus.Peer
   1.517 DEBUG    ControlPanel lepDisp          .../ContainerBusObject.cc:144 | Ignoring interfaceName: org.freedesktop.DBus.Peer
   1.517 DEBUG    ControlPanel lepDisp          .../ContainerBusObject.cc:111 | InterfaceName is : org.freedesktop.DBus.Properties
   1.517 DEBUG    ControlPanel lepDisp          .../ContainerBusObject.cc:144 | Ignoring interfaceName: org.freedesktop.DBus.Properties
   1.517 DEBUG    ControlPanel lepDisp          ...s/ContainerBusObject.cc:93 | ObjectPath is: /ControlPanel/MyDevice/rootContainer/en/nextYellowLightAction
   1.526 DEBUG    ControlPanel lepDisp          .../ContainerBusObject.cc:111 | InterfaceName is : org.alljoyn.ControlPanel.Action
   1.526 DEBUG    ControlPanel lepDisp          .../ContainerBusObject.cc:111 | InterfaceName is : org.allseen.Introspectable
   1.527 DEBUG    ControlPanel lepDisp          .../ContainerBusObject.cc:144 | Ignoring interfaceName: org.allseen.Introspectable
   1.527 DEBUG    ControlPanel lepDisp          .../ContainerBusObject.cc:111 | InterfaceName is : org.freedesktop.DBus.Introspectable
   1.527 DEBUG    ControlPanel lepDisp          .../ContainerBusObject.cc:144 | Ignoring interfaceName: org.freedesktop.DBus.Introspectable
   1.527 DEBUG    ControlPanel lepDisp          .../ContainerBusObject.cc:111 | InterfaceName is : org.freedesktop.DBus.Peer
   1.527 DEBUG    ControlPanel lepDisp          .../ContainerBusObject.cc:144 | Ignoring interfaceName: org.freedesktop.DBus.Peer
   1.527 DEBUG    ControlPanel lepDisp          .../ContainerBusObject.cc:111 | InterfaceName is : org.freedesktop.DBus.Properties
   1.527 DEBUG    ControlPanel lepDisp          .../ContainerBusObject.cc:144 | Ignoring interfaceName: org.freedesktop.DBus.Properties
   1.527 DEBUG    ControlPanel lepDisp          ...s/ContainerBusObject.cc:93 | ObjectPath is: /ControlPanel/MyDevice/rootContainer/en/greenlightAction
   1.536 DEBUG    ControlPanel lepDisp          .../ContainerBusObject.cc:111 | InterfaceName is : org.alljoyn.ControlPanel.Action
   1.537 DEBUG    ControlPanel lepDisp          .../ContainerBusObject.cc:111 | InterfaceName is : org.allseen.Introspectable
   1.537 DEBUG    ControlPanel lepDisp          .../ContainerBusObject.cc:144 | Ignoring interfaceName: org.allseen.Introspectable
   1.537 DEBUG    ControlPanel lepDisp          .../ContainerBusObject.cc:111 | InterfaceName is : org.freedesktop.DBus.Introspectable
   1.537 DEBUG    ControlPanel lepDisp          .../ContainerBusObject.cc:144 | Ignoring interfaceName: org.freedesktop.DBus.Introspectable
   1.537 DEBUG    ControlPanel lepDisp          .../ContainerBusObject.cc:111 | InterfaceName is : org.freedesktop.DBus.Peer
   1.537 DEBUG    ControlPanel lepDisp          .../ContainerBusObject.cc:144 | Ignoring interfaceName: org.freedesktop.DBus.Peer
   1.537 DEBUG    ControlPanel lepDisp          .../ContainerBusObject.cc:111 | InterfaceName is : org.freedesktop.DBus.Properties
   1.537 DEBUG    ControlPanel lepDisp          .../ContainerBusObject.cc:144 | Ignoring interfaceName: org.freedesktop.DBus.Properties
   1.537 DEBUG    ControlPanel lepDisp          ...s/ContainerBusObject.cc:93 | ObjectPath is: /ControlPanel/MyDevice/rootContainer/en/nextGreenLightAction
   1.547 DEBUG    ControlPanel lepDisp          .../ContainerBusObject.cc:111 | InterfaceName is : org.alljoyn.ControlPanel.Action
   1.547 DEBUG    ControlPanel lepDisp          .../ContainerBusObject.cc:111 | InterfaceName is : org.allseen.Introspectable
   1.547 DEBUG    ControlPanel lepDisp          .../ContainerBusObject.cc:144 | Ignoring interfaceName: org.allseen.Introspectable
   1.547 DEBUG    ControlPanel lepDisp          .../ContainerBusObject.cc:111 | InterfaceName is : org.freedesktop.DBus.Introspectable
   1.547 DEBUG    ControlPanel lepDisp          .../ContainerBusObject.cc:144 | Ignoring interfaceName: org.freedesktop.DBus.Introspectable
   1.547 DEBUG    ControlPanel lepDisp          .../ContainerBusObject.cc:111 | InterfaceName is : org.freedesktop.DBus.Peer
   1.547 DEBUG    ControlPanel lepDisp          .../ContainerBusObject.cc:144 | Ignoring interfaceName: org.freedesktop.DBus.Peer
   1.547 DEBUG    ControlPanel lepDisp          .../ContainerBusObject.cc:111 | InterfaceName is : org.freedesktop.DBus.Properties
   1.547 DEBUG    ControlPanel lepDisp          .../ContainerBusObject.cc:144 | Ignoring interfaceName: org.freedesktop.DBus.Properties
   1.547 DEBUG    ControlPanel lepDisp          ...ects/ActionBusObject.cc:73 | Created ActionBusObject successfully
   1.575 DEBUG    ControlPanel lepDisp          ...cts/ActionBusObject.cc:146 | ObjectPath is: /ControlPanel/MyDevice/rootContainer/en/lightAction/RedLightConfirm
   1.585 DEBUG    ControlPanel lepDisp          ...cts/ActionBusObject.cc:164 | InterfaceName is org.alljoyn.ControlPanel.Dialog
   1.585 DEBUG    ControlPanel lepDisp          ...cts/ActionBusObject.cc:164 | InterfaceName is org.allseen.Introspectable
   1.585 DEBUG    ControlPanel lepDisp          ...cts/ActionBusObject.cc:172 | Ignoring interfaceName:  org.allseen.Introspectable
   1.585 DEBUG    ControlPanel lepDisp          ...cts/ActionBusObject.cc:164 | InterfaceName is org.freedesktop.DBus.Introspectable
   1.585 DEBUG    ControlPanel lepDisp          ...cts/ActionBusObject.cc:172 | Ignoring interfaceName:  org.freedesktop.DBus.Introspectable
   1.585 DEBUG    ControlPanel lepDisp          ...cts/ActionBusObject.cc:164 | InterfaceName is org.freedesktop.DBus.Peer
   1.585 DEBUG    ControlPanel lepDisp          ...cts/ActionBusObject.cc:172 | Ignoring interfaceName:  org.freedesktop.DBus.Peer
   1.585 DEBUG    ControlPanel lepDisp          ...cts/ActionBusObject.cc:164 | InterfaceName is org.freedesktop.DBus.Properties
   1.585 DEBUG    ControlPanel lepDisp          ...cts/ActionBusObject.cc:172 | Ignoring interfaceName:  org.freedesktop.DBus.Properties
   1.586 DEBUG    ControlPanel lepDisp          ...ets/ActionWithDialog.cc:64 | Adding childDialog named: RedLightConfirm
   1.586 DEBUG    ControlPanel lepDisp          ...ects/DialogBusObject.cc:92 | Created DialogBusObject successfully
   1.608 DEBUG    ControlPanel lepDisp          ...c/Widgets/Container.cc:184 | Adding childWidget named: lightAction
   1.608 DEBUG    ControlPanel lepDisp          ...ects/ActionBusObject.cc:73 | Created ActionBusObject successfully
   1.635 DEBUG    ControlPanel lepDisp          ...cts/ActionBusObject.cc:146 | ObjectPath is: /ControlPanel/MyDevice/rootContainer/en/nextRedLightAction/NextRedLightConfirm
   1.646 DEBUG    ControlPanel lepDisp          ...cts/ActionBusObject.cc:164 | InterfaceName is org.alljoyn.ControlPanel.Dialog
   1.646 DEBUG    ControlPanel lepDisp          ...cts/ActionBusObject.cc:164 | InterfaceName is org.allseen.Introspectable
   1.646 DEBUG    ControlPanel lepDisp          ...cts/ActionBusObject.cc:172 | Ignoring interfaceName:  org.allseen.Introspectable
   1.646 DEBUG    ControlPanel lepDisp          ...cts/ActionBusObject.cc:164 | InterfaceName is org.freedesktop.DBus.Introspectable
   1.646 DEBUG    ControlPanel lepDisp          ...cts/ActionBusObject.cc:172 | Ignoring interfaceName:  org.freedesktop.DBus.Introspectable
   1.646 DEBUG    ControlPanel lepDisp          ...cts/ActionBusObject.cc:164 | InterfaceName is org.freedesktop.DBus.Peer
   1.646 DEBUG    ControlPanel lepDisp          ...cts/ActionBusObject.cc:172 | Ignoring interfaceName:  org.freedesktop.DBus.Peer
   1.646 DEBUG    ControlPanel lepDisp          ...cts/ActionBusObject.cc:164 | InterfaceName is org.freedesktop.DBus.Properties
   1.646 DEBUG    ControlPanel lepDisp          ...cts/ActionBusObject.cc:172 | Ignoring interfaceName:  org.freedesktop.DBus.Properties
   1.646 DEBUG    ControlPanel lepDisp          ...ets/ActionWithDialog.cc:64 | Adding childDialog named: NextRedLightConfirm
   1.647 DEBUG    ControlPanel lepDisp          ...ects/DialogBusObject.cc:92 | Created DialogBusObject successfully
   1.671 DEBUG    ControlPanel lepDisp          ...c/Widgets/Container.cc:184 | Adding childWidget named: nextRedLightAction
   1.671 DEBUG    ControlPanel lepDisp          ...ects/ActionBusObject.cc:73 | Created ActionBusObject successfully
   1.701 DEBUG    ControlPanel lepDisp          ...cts/ActionBusObject.cc:146 | ObjectPath is: /ControlPanel/MyDevice/rootContainer/en/yellowLightAction/YellowLightConfirm
   1.713 DEBUG    ControlPanel lepDisp          ...cts/ActionBusObject.cc:164 | InterfaceName is org.alljoyn.ControlPanel.Dialog
   1.713 DEBUG    ControlPanel lepDisp          ...cts/ActionBusObject.cc:164 | InterfaceName is org.allseen.Introspectable
   1.713 DEBUG    ControlPanel lepDisp          ...cts/ActionBusObject.cc:172 | Ignoring interfaceName:  org.allseen.Introspectable
   1.713 DEBUG    ControlPanel lepDisp          ...cts/ActionBusObject.cc:164 | InterfaceName is org.freedesktop.DBus.Introspectable
   1.713 DEBUG    ControlPanel lepDisp          ...cts/ActionBusObject.cc:172 | Ignoring interfaceName:  org.freedesktop.DBus.Introspectable
   1.713 DEBUG    ControlPanel lepDisp          ...cts/ActionBusObject.cc:164 | InterfaceName is org.freedesktop.DBus.Peer
   1.714 DEBUG    ControlPanel lepDisp          ...cts/ActionBusObject.cc:172 | Ignoring interfaceName:  org.freedesktop.DBus.Peer
   1.714 DEBUG    ControlPanel lepDisp          ...cts/ActionBusObject.cc:164 | InterfaceName is org.freedesktop.DBus.Properties
   1.714 DEBUG    ControlPanel lepDisp          ...cts/ActionBusObject.cc:172 | Ignoring interfaceName:  org.freedesktop.DBus.Properties
   1.714 DEBUG    ControlPanel lepDisp          ...ets/ActionWithDialog.cc:64 | Adding childDialog named: YellowLightConfirm
   1.714 DEBUG    ControlPanel lepDisp          ...ects/DialogBusObject.cc:92 | Created DialogBusObject successfully
   1.748 DEBUG    ControlPanel lepDisp          ...c/Widgets/Container.cc:184 | Adding childWidget named: yellowLightAction
   1.748 DEBUG    ControlPanel lepDisp          ...ects/ActionBusObject.cc:73 | Created ActionBusObject successfully
   1.784 DEBUG    ControlPanel lepDisp          ...cts/ActionBusObject.cc:146 | ObjectPath is: /ControlPanel/MyDevice/rootContainer/en/nextYellowLightAction/NextYellowLightConfirm
   1.840 DEBUG    ControlPanel lepDisp          ...cts/ActionBusObject.cc:164 | InterfaceName is org.alljoyn.ControlPanel.Dialog
   1.840 DEBUG    ControlPanel lepDisp          ...cts/ActionBusObject.cc:164 | InterfaceName is org.allseen.Introspectable
   1.840 DEBUG    ControlPanel lepDisp          ...cts/ActionBusObject.cc:172 | Ignoring interfaceName:  org.allseen.Introspectable
   1.840 DEBUG    ControlPanel lepDisp          ...cts/ActionBusObject.cc:164 | InterfaceName is org.freedesktop.DBus.Introspectable
   1.840 DEBUG    ControlPanel lepDisp          ...cts/ActionBusObject.cc:172 | Ignoring interfaceName:  org.freedesktop.DBus.Introspectable
   1.840 DEBUG    ControlPanel lepDisp          ...cts/ActionBusObject.cc:164 | InterfaceName is org.freedesktop.DBus.Peer
   1.840 DEBUG    ControlPanel lepDisp          ...cts/ActionBusObject.cc:172 | Ignoring interfaceName:  org.freedesktop.DBus.Peer
   1.840 DEBUG    ControlPanel lepDisp          ...cts/ActionBusObject.cc:164 | InterfaceName is org.freedesktop.DBus.Properties
   1.840 DEBUG    ControlPanel lepDisp          ...cts/ActionBusObject.cc:172 | Ignoring interfaceName:  org.freedesktop.DBus.Properties
   1.840 DEBUG    ControlPanel lepDisp          ...ets/ActionWithDialog.cc:64 | Adding childDialog named: NextYellowLightConfirm
   1.840 DEBUG    ControlPanel lepDisp          ...ects/DialogBusObject.cc:92 | Created DialogBusObject successfully
   1.865 DEBUG    ControlPanel lepDisp          ...c/Widgets/Container.cc:184 | Adding childWidget named: nextYellowLightAction
   1.865 DEBUG    ControlPanel lepDisp          ...ects/ActionBusObject.cc:73 | Created ActionBusObject successfully
   1.918 DEBUG    ControlPanel lepDisp          ...cts/ActionBusObject.cc:146 | ObjectPath is: /ControlPanel/MyDevice/rootContainer/en/greenlightAction/GreenLightConfirm
   1.935 DEBUG    ControlPanel lepDisp          ...cts/ActionBusObject.cc:164 | InterfaceName is org.alljoyn.ControlPanel.Dialog
   1.944 DEBUG    ControlPanel lepDisp          ...cts/ActionBusObject.cc:164 | InterfaceName is org.allseen.Introspectable
   1.944 DEBUG    ControlPanel lepDisp          ...cts/ActionBusObject.cc:172 | Ignoring interfaceName:  org.allseen.Introspectable
   1.944 DEBUG    ControlPanel lepDisp          ...cts/ActionBusObject.cc:164 | InterfaceName is org.freedesktop.DBus.Introspectable
   1.944 DEBUG    ControlPanel lepDisp          ...cts/ActionBusObject.cc:172 | Ignoring interfaceName:  org.freedesktop.DBus.Introspectable
   1.944 DEBUG    ControlPanel lepDisp          ...cts/ActionBusObject.cc:164 | InterfaceName is org.freedesktop.DBus.Peer
   1.944 DEBUG    ControlPanel lepDisp          ...cts/ActionBusObject.cc:172 | Ignoring interfaceName:  org.freedesktop.DBus.Peer
   1.944 DEBUG    ControlPanel lepDisp          ...cts/ActionBusObject.cc:164 | InterfaceName is org.freedesktop.DBus.Properties
   1.944 DEBUG    ControlPanel lepDisp          ...cts/ActionBusObject.cc:172 | Ignoring interfaceName:  org.freedesktop.DBus.Properties
   1.944 DEBUG    ControlPanel lepDisp          ...ets/ActionWithDialog.cc:64 | Adding childDialog named: GreenLightConfirm
   1.944 DEBUG    ControlPanel lepDisp          ...ects/DialogBusObject.cc:92 | Created DialogBusObject successfully
   1.980 DEBUG    ControlPanel lepDisp          ...c/Widgets/Container.cc:184 | Adding childWidget named: greenlightAction
   1.981 DEBUG    ControlPanel lepDisp          ...ects/ActionBusObject.cc:73 | Created ActionBusObject successfully
   2.021 DEBUG    ControlPanel lepDisp          ...cts/ActionBusObject.cc:146 | ObjectPath is: /ControlPanel/MyDevice/rootContainer/en/nextGreenLightAction/NextGreenLightConfirm
   2.042 DEBUG    ControlPanel lepDisp          ...cts/ActionBusObject.cc:164 | InterfaceName is org.alljoyn.ControlPanel.Dialog
   2.042 DEBUG    ControlPanel lepDisp          ...cts/ActionBusObject.cc:164 | InterfaceName is org.allseen.Introspectable
   2.042 DEBUG    ControlPanel lepDisp          ...cts/ActionBusObject.cc:172 | Ignoring interfaceName:  org.allseen.Introspectable
   2.042 DEBUG    ControlPanel lepDisp          ...cts/ActionBusObject.cc:164 | InterfaceName is org.freedesktop.DBus.Introspectable
   2.042 DEBUG    ControlPanel lepDisp          ...cts/ActionBusObject.cc:172 | Ignoring interfaceName:  org.freedesktop.DBus.Introspectable
   2.042 DEBUG    ControlPanel lepDisp          ...cts/ActionBusObject.cc:164 | InterfaceName is org.freedesktop.DBus.Peer
   2.042 DEBUG    ControlPanel lepDisp          ...cts/ActionBusObject.cc:172 | Ignoring interfaceName:  org.freedesktop.DBus.Peer
   2.042 DEBUG    ControlPanel lepDisp          ...cts/ActionBusObject.cc:164 | InterfaceName is org.freedesktop.DBus.Properties
   2.042 DEBUG    ControlPanel lepDisp          ...cts/ActionBusObject.cc:172 | Ignoring interfaceName:  org.freedesktop.DBus.Properties
   2.042 DEBUG    ControlPanel lepDisp          ...ets/ActionWithDialog.cc:64 | Adding childDialog named: NextGreenLightConfirm
   2.043 DEBUG    ControlPanel lepDisp          ...ects/DialogBusObject.cc:92 | Created DialogBusObject successfully
   2.072 DEBUG    ControlPanel lepDisp          ...c/Widgets/Container.cc:184 | Adding childWidget named: nextGreenLightAction
Finished loading widget: rootContainer
Container name: rootContainer
Container version: 1
Container is not secured
Container is enabled
Container label: Berry Clip LEDs Controller
Container bgColor: 512
Something else Widget called
Container hints: VERTICAL_LINEAR, HORIZONTAL_LINEAR
Print ChildWidgets: 
  Action name: lightAction
  Action version: 1
  Action is not secured
  Action is enabled
  Action label: RED LED 1
  Action bgColor: 1024
  Action hints: ACTIONBUTTON
  Printing ChildDialog: 
    Dialog name: RedLightConfirm
    Dialog version: 1
    Dialog is not secured
    Dialog is enabled
    Dialog label: Are you sure?
    Dialog bgColor: 1929
    Dialog hints: ALERTDIALOG
    Dialog message: Change the state of RED LED 1
    Dialog numActions: 2
    Dialog Label for Action1: TURN ON
    Dialog Label for Action2: TURN OFF

  Action name: nextRedLightAction
  Action version: 1
  Action is not secured
  Action is enabled
  Action label: RED LED 2
  Action bgColor: 1024
  Action hints: ACTIONBUTTON
  Printing ChildDialog: 
    Dialog name: NextRedLightConfirm
    Dialog version: 1
    Dialog is not secured
    Dialog is enabled
    Dialog label: Are you sure?
    Dialog bgColor: 1929
    Dialog hints: ALERTDIALOG
    Dialog message: Change the state of RED LED 2 
    Dialog numActions: 2
    Dialog Label for Action1: TURN ON
    Dialog Label for Action2: TURN OFF

  Action name: yellowLightAction
  Action version: 1
  Action is not secured
  Action is enabled
  Action label: YELLOW LED 1
  Action bgColor: 1024
  Action hints: ACTIONBUTTON
  Printing ChildDialog: 
    Dialog name: YellowLightConfirm
    Dialog version: 1
    Dialog is not secured
    Dialog is enabled
    Dialog label: Are you sure?
    Dialog bgColor: 1929
    Dialog hints: ALERTDIALOG
    Dialog message: Change the state of YELLOW LED 1
    Dialog numActions: 2
    Dialog Label for Action1: TURN ON
    Dialog Label for Action2: TURN OFF

  Action name: nextYellowLightAction
  Action version: 1
  Action is not secured
  Action is enabled
  Action label: YELLOW LED 2
  Action bgColor: 1024
  Action hints: ACTIONBUTTON
  Printing ChildDialog: 
    Dialog name: NextYellowLightConfirm
    Dialog version: 1
    Dialog is not secured
    Dialog is enabled
    Dialog label: Are you sure?
    Dialog bgColor: 1929
    Dialog hints: ALERTDIALOG
    Dialog message: Change the state of YELLOW LED 2 
    Dialog numActions: 2
    Dialog Label for Action1: TURN ON
    Dialog Label for Action2: TURN OFF

  Action name: greenlightAction
  Action version: 1
  Action is not secured
  Action is enabled
  Action label: GREEN LED 1
  Action bgColor: 1024
  Action hints: ACTIONBUTTON
  Printing ChildDialog: 
    Dialog name: GreenLightConfirm
    Dialog version: 1
    Dialog is not secured
    Dialog is enabled
    Dialog label: Are you sure?
    Dialog bgColor: 1929
    Dialog hints: ALERTDIALOG
    Dialog message: Change the state of GREEN LED 1
    Dialog numActions: 2
    Dialog Label for Action1: TURN ON
    Dialog Label for Action2: TURN OFF

  Action name: nextGreenLightAction
  Action version: 1
  Action is not secured
  Action is enabled
  Action label: GREEN LED 2
  Action bgColor: 1024
  Action hints: ACTIONBUTTON
  Printing ChildDialog: 
    Dialog name: NextGreenLightConfirm
    Dialog version: 1
    Dialog is not secured
    Dialog is enabled
    Dialog label: Are you sure?
    Dialog bgColor: 1929
    Dialog hints: ALERTDIALOG
    Dialog message: Change the state of GREEN LED 2 
    Dialog numActions: 2
    Dialog Label for Action1: TURN ON
    Dialog Label for Action2: TURN OFF

Going to execute all Actions now

Going to execute all Dialog Actions now
Execute Actions for RedLightConfirm which has 2 actions: 
    Action 1 execution succeeded
    Action 2 execution succeeded
   3.275 HL_DBG   ControlPanel lepDisp          .../src/Widgets/Dialog.cc:352 | Cannot execute Action3 - numActions is less than 3
    Action 3 execution failed
Execute Actions for NextRedLightConfirm which has 2 actions: 
    Action 1 execution succeeded
    Action 2 execution succeeded
   3.297 HL_DBG   ControlPanel lepDisp          .../src/Widgets/Dialog.cc:352 | Cannot execute Action3 - numActions is less than 3
    Action 3 execution failed
Execute Actions for YellowLightConfirm which has 2 actions: 
    Action 1 execution succeeded
    Action 2 execution succeeded
   3.314 HL_DBG   ControlPanel lepDisp          .../src/Widgets/Dialog.cc:352 | Cannot execute Action3 - numActions is less than 3
    Action 3 execution failed
Execute Actions for NextYellowLightConfirm which has 2 actions: 
    Action 1 execution succeeded
    Action 2 execution succeeded
   3.335 HL_DBG   ControlPanel lepDisp          .../src/Widgets/Dialog.cc:352 | Cannot execute Action3 - numActions is less than 3
    Action 3 execution failed
Execute Actions for GreenLightConfirm which has 2 actions: 
    Action 1 execution succeeded
    Action 2 execution succeeded
   3.354 HL_DBG   ControlPanel lepDisp          .../src/Widgets/Dialog.cc:352 | Cannot execute Action3 - numActions is less than 3
    Action 3 execution failed
Execute Actions for NextGreenLightConfirm which has 2 actions: 
    Action 1 execution succeeded
    Action 2 execution succeeded
   3.375 HL_DBG   ControlPanel lepDisp          .../src/Widgets/Dialog.cc:352 | Cannot execute Action3 - numActions is less than 3
    Action 3 execution failed

Going to call setValue for all Properties now

Now parsing language: de-AT
Now parsing language: zh-Hans-CN
